<?xml version="1.0" encoding="UTF-8"?>
<testng-results ignored="0" total="1" passed="1" failed="0" skipped="0">
  <reporter-output>
  </reporter-output>
  <suite started-at="2023-01-15T18:14:57Z" name="OrangeHRMAutomationSuite" finished-at="2023-01-15T18:15:18Z" duration-ms="21364">
    <groups>
    </groups>
    <test started-at="2023-01-15T18:14:57Z" name="OrangeHRMDemo" finished-at="2023-01-15T18:15:18Z" duration-ms="21364">
      <class name="orangeHRM_demo.testCases.LoginTest">
        <test-method is-config="true" signature="setUp(java.lang.String)[pri:0, instance:orangeHRM_demo.testCases.LoginTest@75db5df9]" started-at="2023-01-15T18:14:57Z" name="setUp" finished-at="2023-01-15T18:15:11Z" duration-ms="14556" status="PASS">
          <params>
            <param index="0">
              <value>
                <![CDATA[Firefox]]>
              </value>
            </param>
          </params>
          <reporter-output>
          </reporter-output>
        </test-method> <!-- setUp -->
        <test-method signature="loginTest()[pri:0, instance:orangeHRM_demo.testCases.LoginTest@75db5df9]" started-at="2023-01-15T18:15:11Z" name="loginTest" finished-at="2023-01-15T18:15:16Z" duration-ms="4758" status="PASS">
          <reporter-output>
          </reporter-output>
        </test-method> <!-- loginTest -->
        <test-method is-config="true" signature="tearDown()[pri:0, instance:orangeHRM_demo.testCases.LoginTest@75db5df9]" started-at="2023-01-15T18:15:16Z" name="tearDown" finished-at="2023-01-15T18:15:18Z" duration-ms="2023" status="PASS">
          <reporter-output>
          </reporter-output>
        </test-method> <!-- tearDown -->
      </class> <!-- orangeHRM_demo.testCases.LoginTest -->
    </test> <!-- OrangeHRMDemo -->
  </suite> <!-- OrangeHRMAutomationSuite -->
</testng-results>
